Running: C:\Xilinx\14.7\ISE_DS\ISE\bin\nt64\unwrapped\fuse.exe -intstyle ise -incremental -lib unisims_ver -lib unimacro_ver -lib xilinxcorelib_ver -lib secureip -o F:/Verilog/Convolution_Single/Master_tb_isim_beh.exe -prj F:/Verilog/Convolution_Single/Master_tb_beh.prj work.Master_tb work.glbl 
ISim P.20131013 (signature 0x7708f090)
Number of CPUs detected in this system: 4
Turning on mult-threading, number of parallel sub-compilation jobs: 8 
Determining compilation order of HDL files
Analyzing Verilog file "C:/Users/Lenovo/Downloads/PSProj/Convolution/Convolution.srcs/sources_1/new/multiply.v" into library work
Analyzing Verilog file "C:/Users/Lenovo/Downloads/PSProj/Convolution/Convolution.srcs/sources_1/new/select.v" into library work
Analyzing Verilog file "C:/Users/Lenovo/Downloads/PSProj/Convolution/Convolution.srcs/sources_1/new/Parallelism.v" into library work
Analyzing Verilog file "C:/Users/Lenovo/Downloads/PSProj/Convolution/Convolution.srcs/sources_1/new/muxmod.v" into library work
Analyzing Verilog file "C:/Users/Lenovo/Downloads/PSProj/Convolution/Convolution.srcs/sources_1/new/fifo_store.v" into library work
Analyzing Verilog file "C:/Users/Lenovo/Downloads/PSProj/Convolution/Convolution.srcs/sources_1/new/fifo.v" into library work
Analyzing Verilog file "C:/Users/Lenovo/Downloads/PSProj/Convolution/Convolution.srcs/sources_1/new/demux.v" into library work
Analyzing Verilog file "C:/Users/Lenovo/Downloads/PSProj/Convolution/Convolution.srcs/sources_1/new/counter.v" into library work
Analyzing Verilog file "C:/Users/Lenovo/Downloads/PSProj/Convolution/Convolution.srcs/sources_1/new/Project_2.v" into library work
Analyzing Verilog file "C:/Users/Lenovo/Downloads/PSProj/Convolution/Convolution.srcs/sources_1/new/Master.v" into library work
Analyzing Verilog file "C:/Users/Lenovo/Downloads/PSProj/Convolution/Convolution.srcs/sources_1/new/Master_tb.v" into library work
Analyzing Verilog file "C:/Xilinx/14.7/ISE_DS/ISE//verilog/src/glbl.v" into library work
Starting static elaboration
Completed static elaboration
Compiling module select
Compiling module counter
Compiling module muxmod
Compiling module fifo
Compiling module multiply
Compiling module Parallelism_default
Compiling module demux
Compiling module fifo_store
Compiling module Project_2_default
Compiling module Master
Compiling module Master_tb
Compiling module glbl
Time Resolution for simulation is 1ps.
Waiting for 1 sub-compilation(s) to finish...
Compiled 12 Verilog Units
Built simulation executable F:/Verilog/Convolution_Single/Master_tb_isim_beh.exe
Fuse Memory Usage: 28192 KB
Fuse CPU Usage: 546 ms
