Command line:
   conv_mod_tb_isim_beh.exe
     -simmode  gui
     -simrunnum  0
     -socket  50087

Sat Jul 20 09:55:26 2019


 Elaboration Time: 0.25 sec

 Current Memory Usage: 5350.11 Meg

 Total Signals          : 28
 Total Nets             : 275
 Total Signal Drivers   : 12
 Total Blocks           : 6
 Total Primitive Blocks : 4
 Total Processes        : 21
 Total Traceable Variables  : 26
 Total Scalar Nets and Variables : 545
Total Line Count : 43

 Total Simulation Time: 0.25 sec

 Current Memory Usage: 5350.11 Meg

Sat Jul 20 09:55:30 2019

